[    .0000] Initializing cgroup subsys cpuset
[    0.000000] Initializing cgroup subsys cpu
[    0.000000] Initializin cgroup subsys cpuacct
[    0.000000] Linux version 4.4.0-210-generic (buildd@lgw01-amd64-009) (gcc version 5.4.0 2016069 (Ubuntu 5.4.0-6ubuntu1~16.04.12) ) #242-Ubuntu SMP Fri Apr 16 09:576 UTC 2021 (Ubuntu 4.4.0-210.242-generic 4.4.262)
[    0.000000]  Command line: BOOT_IMAGE=/boot/vmlinuz-4.4.0-210-generic root=LABEL=cloudimg-rootfs ro cosole=tty1 console=ttyS0
[    0.000000] KERNEL supported cpus:
[    0.000000]   Intel GenuineIntel
[    0.000000]   AMD AuthenticAMD
[    0.000000]   Centaur CentaurHauls
[    0.000000] x86/fpu: xstate_offset[2]:  576,xsat_szes[2]:  256
[    0.000000] x86/fpu: Supporting XSAVE feature 0x01: 'x87 floating point registers'
[    0.000000] x86/fpu: Supporting XSAVE feature 0x02: 'SSE registers'
[    0.000000] x86/fpu: Supporting XSAVE feature 0x04: 'AVX registers'
[    0.000000] x86/fpu: Enabled xstate features 0x7, context size is 832 bytes, using 'standard' format.
[    0.000000] e820: BIOS-provided physical RAM map:
[    0.000000] BIOS-e820: [mem 0x0000000000000000-0x000000000009fbff] usable
[    0.000000] BIOS-e820: [mem 0x000000000009fc00-0x000000000009ffff] reserved
[    0.000000] BIOS-e820: [mem 0x00000000000f0000-0x00000000000fffff] reserved
[    0.000000] BIOS-e820: [mem 0x0000000000100000-0x000000007ffeffff] usable
[    0.000000] BIOS-e820: [mem 0x000000007fff0000-0x000000007fffffff] ACPI data
[    0.000000] BIOS-e820: [mem 0x00000000fec00000-0x00000000fec00fff] reserved
[    0.000000] BIOS-e820: [mem 0x00000000fee00000-0x00000000fee00fff] reserved
[    0.000000] BIOS-e820: [mem 0x00000000fffc0000-0x00000000ffffffff] reserved
[    0.000000] NX (Execute Disable) protection: active
[    0.000000] SMBIOS 2.5 present.
[    0.000000] Hypervisor detected: KVM
[    0.000000] e820: last_pfn = 0x7fff0 max_arch_pfn = 0x400000000
[    0.000000] MTRR: Disabled
[    0.000000] x86/PAT: MTRRs disabled, skipping PAT initialization too.
[    0.000000] CPU MTRRs all blank - virtualized system.
[    0.000000] x86/PAT: Configuration [0-7]: WB  WT  UC- UC  WB  WT  UC- UC  
[    0.000000] found SMP MP-table at [mem 0x0009fff0-0x0009ffff] mapped at [ffff88000009fff0]
[    0.000000] Scanning 1 areas for low memory corruption
[    0.000000] RAMDISK: [mem 0x362dc000-0x37165fff]
[    0.000000] ACPI: Early table checksum verification disabled
[    0.000000] ACPI: RSDP 0x00000000000E0000 000024 (v02 VBOX  )
[    0.000000] ACPI: XSDT 0x000000007FFF0030 00003C (v01 VBOX   VBOXXSDT 00000001 ASL  00000061)
[    0.000000] ACPI: FACP 0x000000007FFF00F0 0000F4 (v04 VBOX   VBOXFACP 00000001 ASL  00000061)
[    0.000000] ACPI: DSDT 0x000000007FFF0470 0021FF (v02 VBOX   VBOXBIOS 00000002 INTL 20180105)
[    0.000000] ACPI: FACS 0x000000007FFF0200 000040
[    0.000000] ACPI: FACS 0x000000007FFF0200 000040
[    0.000000] ACPI: APIC 0x000000007FFF0240 00005C (v02 VBOX   VBOXAPIC 00000001 ASL  00000061)
[    0.000000] ACPI: SSDT 0x000000007FFF02A0 0001CC (v01 VBOX   VBOXCPUT 00000002 INTL 20180105)
[    0.000000] No NUMA configuration found
[    0.000000] Faking a node at [mem 0x0000000000000000-0x000000007ffffff]
[    0.000000] NODE_DATA(0) allocated [mem 0x7ffb00-0x7ffeffff]
[    0.000000] kvm-clock: Using msrs 4b564d01 and 4b564d00
[    0.000000] kvm-clock: cpu 0, msr 0:7ffe3001, primary cpu clock
[    0.000000] kvm-clock: using sched offset of 3173805062 cycles
[    0.000000] clocksource: kvm-clock: mask: 0xffffffffffffffff max_cycles: 0x1cd42e4dffb, max_idle_ns: 881590591483 ns
[    0.000000] Zone ranges:
[    0.000000]   DMA      [mem 0x0000000000001000-0x0000000000ffffff]
[    0.000000]   DMA32    [mem 0x0000000001000000-0x000000007ffeffff]
[    0.000000]   Normal   empty
[    0.000000]   Device   empty
[    0.000000] Movable zone start for each node
[    0.000000] Early memory node ranges
[    0.000000]   node   0: [mem 0x0000000000001000-0x000000000009efff]
[    0.000000]   node   0: [mem 0x0000000000100000-0x000000007ffeffff]
[    0.000000] Initmem setup node 0 [mem 0x0000000000001000-0x000000007ffeffff]
[    0.000000] ACPI: PM-Timer IO Port: 0x4008
[    0.000000] IOAPIC[0]: apic_id 2, version 32, address 0xfec00000, GSI 0-23
[    0.000000] ACPI: INT_SRC_OVR (bus 0 bus_irq 0 global_irq 2 dfl dfl)
[    0.000000] ACPI: INT_SRC_OVR (bus 0 bus_irq 9 global_irq 9 low level)
[    0.000000] Using ACPI (MADT) for SMP configuration information
[    0.000000] smpboot: Allowing 2 CPUs, 0 hotplug CPUs
[    0.000000] PM: Registered nosave memory: [mem 0x00000000-0x00000fff]
[    0.000000] PM: Registered nosave memory: [mem 0x0009f000-0x0009ffff]
[    0.000000] PM: Registered nosave memory: [mem 0x000a0000-0x000effff]
[    0.000000] PM: Registered nosave memory: [mem 0x000f0000-0x000fffff]
[    0.000000] e820: [mem 0x80000000-0xfebfffff] available for PCI devices
[    0.000000] Booting paravirtualized kernel on KVM
[    0.000000] clocksource: refined-jiffies: mask: 0xffffffff max_cycles: 0xffffffff, max_idle_ns: 7645519600211568 ns
[    0.000000] setup_percpu: NR_CPUS:512 nr_cpumask_bits:512 nr_cpu_ids:2 nr_node_ids:1
[    0.000000] PERCPU: Embedded 33 pages/cpu @ffff88007fc00000 s95192 r8192 d31784 u1048576
[    0.000000] Built 1 zonelists in Node order, mobility grouping on.  Total pages: 515960
[    0.000000] Policy zone: DMA32
[    0.000000] Kernel command line: BOOT_IMAGE=/boot/vmlinuz-4.4.0-210-generic root=LABEL=cloudimg-rootfs ro console=tty1 console=ttyS0
[    0.000000] PID hash table entries: 4096 (order: 3, 32768 bytes)
[    0.000000] Memory: 2029984K/2096696K available (8644K kernel code, 1332K rwdata, 4044K rodata, 1492K init, 1164K bss, 66712K reserved, 0K cma-reserved)
[    0.000000] SLUB: HWalign=64, Order=0-3, MinObjects=0, CPUs=2, Nodes=1
[    0.000000] Kernel/User page tables isolation: enabled
[    0.000000] Hierarchical RCU implementation.
[    0.000000] 	Build-time adjustment of leaf fanout to 64.
[    0.000000] 	RCU restricting CPUs from NR_CPUS=512 to nr_cpu_ids=2.
[    0.000000] RCU: Adjusting geometry for rcu_fanout_leaf=64, nr_cpu_ids=2
[    0.000000] NR_IRQS:33024 nr_irq:40 6
[    0.000000] Console: colour VGA+ 80x25
[    0.000000] console [tty1] enabled
[    0.000000] console [ttyS0] enabled
[    0.000000] tsc: Detected 2593.998 MHz processor
[    0.528090] Calibrating delay loop (skipped) preset value.. 5187.99 BogoMIPS (lpj=10375992)
[    0.529946] pid_max: default: 32768 minimum: 301
[    0.530965] ACPI: Core revision 20150930
[    0.532725] ACPI: 2 ACPI AML tables successfully acquired and loaded
[    0.534149] Security Framework initialized
[    0.535056] Yama: becoming mndful.
[    0.553388] AppArmor: AppArmor initialized
[    0.575601] Dentry cache hash table entries: 262144 (order: 9, 2097152 bytes)
[    0.599830] Inode-cache hash table entries: 131072 (order: 8, 1048576 bytes)
[    0.605244] Mount-cache hash table entries: 4096 (order: 3, 32768 bytes)
[    0.606600] Mountpoint-cache hash table entries: 4096 (order: 3, 32768 bytes)
[    0.608167] Initializing cgroup subsys io
[    0.609056] Initializing cgroup subsys memory
[    0.609989] Initializing cgroup subsys devices
[    0.610950] Initializing cgroup subsys freezer
[    0.622446] Initializing cgroup subsys net_cls
[    0.633959] Initializing cgroup subsys perf_event
[    0.640318] Initializing cgroup subsys net_prio
[    0.646598] Initializing cgroup subsys hugetlb
[    0.651610] Initializing cgroup subsys pids
[    0.662226] mce: CPU supports 0 MCE banks
[    0.663450] Last level iTLB entries: 4KB 64, 2MB 8, 4MB 8
[    0.664609] Last level dTLB entries: 4KB 64, 2MB 0, 4MB 0, 1GB 4
[    0.667001] Spectre V1 : Mitigation: usercopy/swapgs barriers and __user pointer sanitization
[    0.668849] Spectre V2 : Mitigation: Full generic retpoline
[    0.670007] Spectre V2 : Spectre v2 / SpectreRSB mitigation: Filling RSB on context switch
[    0.685184] Speculative Store Bypass: Vulnerable
[    0.695203] SRBDS: Unknown: Dependent on hypervisor status
[    0.714974] MDS: Mitigation: Clear CPU buffers
[    0.721739] Freeing SMP alternatives memory: 36K
[    0.727247] ftrace: allocating 32380 entries in 127 pages
[    0.789604] smpboot: APIC(0) Converting physical 0 to logical package 0
[    0.795531] smpboot: Max logical packages: 1
[    0.796567] x2apic enabled
[    0.797490] Switched APIC routing to physical x2apic.
[    0.799452] ..TIMER: vector=0x30 apic1=0 pin1=2 apic2=-1 pin2=-1
[    0.908538] smpboot: CPU0: Intel(R) Core(TM) i7-5600U CPU @ 2.60GHz (family: 0x6, model: 0x3d, stepping: 0x4)
[    1.012692] Performance Events: unsupported p6 CPU model 61 no PMU driver, software events only.
[    1.025129] KVM setup paravirtual spinlock
[    1.027423] x86: Booting SMP configuration:
[    1.028398] .... node  #0, CPUs:      #1
[    1.029431] kvm-clock: cpu 1, msr 0:7ffe3041, secondary cpu clock
[    1.036984] mce: CPU supports 0 MCE banks
[    1.039478] x86: Booted up 1 node, 2 CPUs
[    1.040716] smpboot: Total of 2 processors activated (10375.99 BogoMIPS)
[    1.042449] devtmpfs: initialized
[    1.044502] evm: security.selinux
[    1.045283] evm: security.SMACK64
[    1.046075] evm: security.SMACK64EXEC
[    1.046908] evm: security.SMACK64TRANSMUTE
[    1.047821] evm: security.SMACK64MMAP
[    1.048720] evm: security.ima
[    1.049446] evm: security.capability
[    1.050441] clocksource: jiffies: mask: 0xffffffff max_cycles: 0xffffffff, max_idle_ns: 7645041785100000 ns
[    1.057697] futex hash table entries: 512 (order: 3, 32768 bytes)
[    1.059074] pinctrl core: initialized pinctrl subsystem
[    1.060316] RTC time: 13:11:03, date: 04/21/22
[    1.061555] NET: Registered protocol family 16
[    1.072602] cpuidle: using governor ladder
[    1.084882] cpuidle: using governor menu
[    1.100342] PCCT header not found.
[    1.105797] ACPI: bus type PCI registered
[    1.121857] acpiphp: ACPI Hot Plug PCI Controller Driver version: 0.5
[    1.126696] PCI: Using configuration type 1 for base access
[    1.141155] ACPI: Added _OSI(Module Device)
[    1.142779] ACPI: Added _OSI(Processor Device)
[    1.144455] ACPI: Added _OSI(3.0 _SCP Extensions)
[    1.146162] ACPI: Added _OSI(Processor Aggregator Device)
[    1.149534] ACPI: Executed 1 blocks of module-level executable AML code
[    1.155315] ACPI: Interpreter enabled
[    1.156318] ACPI: (supports S0 S5)
[    1.157139] ACPI: Using IOAPIC for interrupt routing
[    1.158297] PCI: Using host bridge windows from ACPI; if necessary, use "pci=nocrs" and report a bug
[    1.163248] ACPI: PCI Root Bridge [PCI0] (domain 0000 [bus 00-ff])
[    1.164537] acpi PNP0A03:00: _OSC: OS supports [ASPM ClockPM Segments MSI]
[    1.165938] acpi PNP0A03:00: _OSC: not requesting OS control; OS requires [ExtendedConfig ASPM ClockPM MSI]
[    1.167936] acpi PNP0A03:00: fail to add MMCONFIG information, can't access extended PCI configuration space under this bridge.
[    1.170533] PCI host bridge to bus 0000:00
[    1.171465] pci_bus 0000:00: root bus resource [io  0x0000-0x0cf7 window]
[    1.172838] pci_bus 0000:00: root bus resource [io  0x0d00-0xffff window]
[    1.174149] pci_bus 0000:00: root bus resource [mem 0x000a0000-0x000bffff window]
[    1.175796] pci_bus 0000:00: root bus resource [mem 0x80000000-0xfdffffff window]
[    1.177448] pci_bus 0000:00: root bus resource [bus 00-ff]
[    1.179946] pci 0000:00:01.1: legacy IDE quirk: reg 0x10: [io  0x01f0-0x01f7]
[    1.181410] pci 0000:00:01.1: legacy IDE quirk: reg 0x14: [io  0x03f6]
[    1.182703] pci 0000:00:01.1: legacy IDE quirk: reg 0x18: [io  0x0170-0x0177]
[    1.197757] pci 0000:00:01.1: legacy IDE quirk: reg 0x1c: [io  0x0376]
[    1.229645] pci 0000:00:07.0: quirk: [io  0x4000-0x403f] claimed by PIIX4 ACPI
[    1.236645] pci 0000:00:07.0: quirk: [io  0x4100-0x410f] claimed by PIIX4 SMB
[    1.266070] ACPI: PCI Interrupt Link [LNKA] (IRQs 5 9 10 *11)
[    1.275517] ACPI: PCI Interrupt Link [LNKB] (IRQs 5 9 *10 11)
[    1.278543] ACPI: PCI Interrupt Link [LNKC] (IRQs 5 *9 10 11)
[    1.287378] ACPI: PCI Interrupt Link [LNKD] (IRQs 5 9 10 *11)
[    1.293082] ACPI: Enabled 2 GPEs in block 00 to 07
[    1.294668] vgaarb: setting as boot device: PCI:0000:00:02.0
[    1.305264] vgaarb: device added: PCI:0000:00:02.0,decodes=io+mem,owns=io+mem,locks=none
[    1.309326] vgaarb: loaded
[    1.310143] vgaarb: bridge control possible 0000:00:02.0
[    1.335096] SCSI subsystem initialized
[    1.335954] ACPI: bus type USB registered
[    1.345648] usbcore: registered new interface driver usbfs
[    1.353453] usbcore: registered new interface driver hub
[    1.375032] usbcore: registered new device driver usb
[    1.381427] PCI: Using ACPI for IRQ routing
[    1.385421] NetLabel: Initializing
[    1.386231] NetLabel:  domain hash size = 128
[    1.387227] NetLabel:  protocols = UNLABELED CIPSOv4
[    1.388317] NetLabel:  unlabeled traffic allowed by default
[    1.389649] amd_nb: Cannot enumerate AMD northbridges
[    1.401859] clocksource: Switched to clocksource kvm-clock
[    1.413027] AppArmor: AppArmor Filesystem Enabled
[   .4410]pn: nPACPI ni
    1.630821] pnp: PnP ACPI: found 3 devices

[    1.663162]clocksource: acpi_pm: mask: 0xffffff max_cycles: 0xffffff, max_le_ns: 2085701024 ns
[    1.730052] NET: Registered protocol family 2

[    1.731275] TCP established hash table entries: 16384 (order: 5, 131072 bytes)
[    1.732914] TCP bind hash table entries: 16384 (order: 6, 262144 bytes)
[   .754981] TCP: Hash tbls onfigured (established 16384 bid 634)
[    1.968066] UDP hash table entries: 1024 (order: 3, 32768 bytes)
[    1.969339] UDP-Lite hash table entries: 1024 (order: 3, 32768 bytes)
[    1.970711] NET: Registered protocol family 1
[    1.971680] pci 0000:00:00.0: Limiting direct PCI/PCI transfers
[    1.972918] pci 0000:00:01.0: Activating ISA DMA hang workarounds
[    1.974314] Unpacking initramfs...

[    2.171625] Freeing initrd memory: 14888K
[    2.172730] RAPL PMU detected, API unit is 2^-32 Joules, 4 fixed counters 10737418240 ms ovfl timer
[    2.174654] hw unit of domain pp0-core 2^-0 Joules
[    2.175704] hw unit of domain package 2^-0 Joules
[    2.176721] hw unit of domain dram 2^-0 Joules
[    2.177672] hw unit of domain pp1-gpu 2^-0 Joules
[    2.178757] clocksource: tsc: mask: 0xffffffffffffffff max_cycles: 0x2564164249b, max_idle_ns: 440795293190 ns
[    2.184133] platform rtc_cmos: registered platform RTC device (no PNP device found)
[    2.185880] Scanning for low memory corruption every 60 seconds
[    2.187515] audit: initializing netlink subsys (disabled)
[    2.188632] audit: type=2000 audit(1650546668.030:1): initialized
[    2.190118] Initialise system trusted keyring
[    2.191287] HugeTLB registered 2 MB page size, pre-allocated 0 pages
[    2.193874] zbud: loaded
[    2.194886] VFS: Disk quotas dquot_6.6.0
[    2.195818] VFS: Dquot-cache hash table entries: 512 (order 0, 4096 bytes)
[    2.197387] squashfs: version 4.0 (2009/01/31) Phillip Lougher
[    2.225205] fuse init (API version 7.23)
[    2.230957] Key type big_key registered
[    2.231847] Allocating IMA MOK and blacklist keyrings.
[    2.235985] Key type asymmetric registered
[    2.236907] Asymmetric key parser 'x509' registered
[    2.238018] Block layer SCSI generic (bsg) driver version 0.4 loaded (major 249)
[    2.239804] io scheduler noop registered
[    2.246026] io scheduler deadline registered (default)
[    2.247145] io scheduler cfq registered
[    2.248106] pci_hotplug: PCI Hot Plug PCI Core version: 0.5
[    2.249246] pciehp: PCI Express Hot Plug Controller Driver version: 0.4
[    2.250760] ACPI: AC Adapter [AC] (off-line)
[    2.257069] input: Power Button as /devices/LNXSYSTM:00/LNXPWRBN:00/input/input0
[    2.262638] ACPI: Power Button [PWRF]
[    2.263553] input: Sleep Button as /devices/LNXSYSTM:00/LNXSLPBN:00/input/input1
[    2.265172] ACPI: Sleep Button [SLPF]
[    2.266312] GHES: HEST is not enabled!
[    2.266875] ACPI: Battery Slot [BAT0] (battery present)
[    2.268498] Serial: 8250/16550 driver, 32 ports, IRQ sharing enabled
[    2.291661] 00:02: ttyS0 at I/O 0x3f8 (irq = 4, base_baud = 115200) is a 16550A
[    2.295709] Linux agpgart interface v0.103
[    2.299020] loop: module loaded
[    2.300319] scsi host0: ata_piix
[    2.301223] scsi host1: ata_piix
[    2.302038] ata1: PATA max UDMA/33 cmd 0x1f0 ctl 0x3f6 bmdma 0xd000 irq 14
[    2.303412] ata2: PATA max UDMA/33 cmd 0x170 ctl 0x376 bmdma 0xd008 irq 15
[    2.304862] libphy: Fixed MDIO Bus: probed
[    2.305830] tun: Universal TUN/TAP device driver, 1.6
[    2.306947] tun: (C) 1999-2004 Max Krasnyansky <maxk@qualcomm.com>
[    2.308363] PPP generic driver version 2.4.2
[    2.309557] ehci_hcd: USB 2.0 'Enhanced' Host Controller (EHCI) Driver
[    2.316407] ehci-pci: EHCI PCI platform driver
[    2.317337] ehci-platform: EHCI generic platform driver
[    2.323649] ohci_hcd: USB 1.1 'Open' Host Controller (OHCI) Driver
[    2.324923] ohci-pci: OHCI PCI platform driver
[    2.325982] ohci-platform: OHCI generic platform driver
[    2.341593] uhci_hcd: USB Universal Host Controller Interface driver
[    2.348337] i8042: PNP: PS/2 Controller [PNP0303:PS2K,PNP0f03:PS2M] at 0x60,0x64 irq 1,12
[    2.356369] serio: i8042 KBD port at 0x60,0x64 irq 1
[    2.365194] serio: i8042 AUX port at 0x60,0x64 irq 12
[    2.387610] mousedev: PS/2 mouse device common for all mice
[    2.389240] input: AT Translated Set 2 keyboard as /devices/platform/i8042/serio0/input/input2
[    2.433904] rtc_cmos rtc_cmos: rtc core: registered rtc_cmos as rtc0
[    2.435261] rtc_cmos rtc_cmos: alarms up to one day, 114 bytes nvram
[    2.444389] i2c /dev entries driver
[    2.445131] device-mapper: uevent: version 1.0.3
[    2.446055] device-mapper: ioctl: 4.34.0-ioctl (2015-10-28) initialised: dm-devel@redhat.com
[    2.498022] ledtrig-cpu: registered to indicate activity on CPUs
[    2.499816] NET: Registered protocol family 10
[    2.501000] NET: Registered protocol family 17
[    2.502043] Key type dns_resolver registered
[    2.503245] registered taskstats version 1
[    2.504175] Loading compiled-in X.509 certificates
[    2.526158] Loaded X.509 cert 'Build time autogenerated kernel key: cf00e047681d67edb2720680708b7d9498083038'
[    2.546091] zswap: loaded using pool lzo/zbud
[    2.555776] Key type trusted registered
[    2.598723] Key type encrypted registered
[    2.599515] AppArmor: AppArmor sha1 policy hashing enabled
[    2.600418] ima: No TPM chip found, activating TPM-bypass!
[    2.601376] ima: Allocated hash algorithm: sha1
[    2.602268] evm: HMAC attrs: 0x1
[    2.603482]   Magic number: 2:560:180
[    2.611274] rtc_cmos rtc_cmos: setting system clock to 2022-04-21 13:11:04 UTC (1650546664)
[    2.613210] BIOS EDD facility v0.16 2004-Jun-25, 0 devices found
[    2.625641] EDD information not available.
[    2.627914] Freeing unused kernel memory: 1492K
[    2.642016] Write protecting the kernel read-only data: 14336k
[    2.646494] Freeing unused kernel memory: 1584K
[    2.648078] Freeing unused kernel memory: 52K
Loading, please wait...
starting version[    2.670984] random: systemd-udevd: uninitialized urandom read (16 bytes read, 3 bits of entropy available)
 229
[    2.671653] random: udevadm: uninitialized urandom read (16 bytes read, 3 bits of entropy available)
[    2.671678] random: udevadm: uninitialized urandom read (16 bytes read, 3 bits of entropy available)
[    2.679719] random: udevadm: uninitialized urandom read (16 bytes read, 3 bits of entropy available)
[    2.679765] random: udevadm: uninitialized urandom read (16 bytes read, 3 bits of entropy available)
[    2.679900] random: udevadm: uninitialized urandom read (16 bytes read, 3 bits of entropy available)
[    2.679951] random: udevadm: uninitialized urandom read (16 bytes read, 3 bits of entropy available)
[    2.680004] random: udevadm: uninitialized urandom read (16 bytes read, 3 bits of entropy available)
[    2.680058] random: udevadm: uninitialized urandom read (16 bytes read, 3 bits of entropy available)
[    2.680108] random: udevadm: uninitialized urandom read (16 bytes read, 3 bits of entropy available)
[    2.948309] Fusion MPT base driver 3.04.20
[    2.950810] Copyright (c) 1999-2008 LSI Corporation
[    2.952099] e1000: Intel(R) PRO/1000 Network Driver - version 7.3.21-k8-NAPI
[    2.953751] e1000: Copyright (c) 1999-2006 Intel Corporation.
[    2.963763] Fusion MPT SPI Host driver 3.04.20
[    2.989426] AVX2 version of gcm_enc/dec engaged.
[    3.006499] AES CTR mode by8 optimization enabled
[    3.168101] input: ImExPS/2 Generic Explorer Mouse as /devices/platform/i8042/serio1/input/input4
[    3.347941] e1000 0000:00:03.0 eth0: (PCI:33MHz:32-bit) 02:be:82:6b:cc:1d
[    3.349785] e1000 0000:00:03.0 eth0: Intel(R) PRO/1000 Network Connection
[    3.841814] e1000 0000:00:08.0 eth1: (PCI:33MHz:32-bit) 08:00:27:b3:7a:84
[    3.843826] e1000 0000:00:08.0 eth1: Intel(R) PRO/1000 Network Connection
[    4.211614] e1000 0000:00:09.0 eth2: (PCI:33MHz:32-bit) 08:00:27:37:5a:9a
[    4.213031] e1000 0000:00:09.0 eth2: Intel(R) PRO/1000 Network Connection
[    4.215841] e1000 0000:00:03.0 enp0s3: renamed from eth0
[    4.227085] mptbase: ioc0: Initiating bringup
[    4.266445] e1000 0000:00:08.0 enp0s8: renamed from eth1
[    4.278133] e1000 0000:00:09.0 enp0s9: renamed from eth2
[    4.324801] ioc0: LSI53C1030 A0: Capabilities={Initiator}
[    4.991338] scsi host2: ioc0: LSI53C1030 A0, FwRev=00000000h, Ports=1, MaxQ=256, IRQ=20
[    5.158405] scsi 2:0:0:0: Direct-Access     VBOX     HARDDISK         1.0  PQ: 0 ANSI: 5
[    5.160514] scsi target2:0:0: Beginning Domain Validation
[    5.175482] scsi target2:0:0: Domain Validation skipping write tests
[    5.202541] scsi target2:0:0: Ending Domain Validation
[    5.214418] scsi target2:0:0: asynchronous
[    5.215927] scsi 2:0:1:0: Direct-Access     VBOX     HARDDISK         1.0  PQ: 0 ANSI: 5
[    5.217732] scsi target2:0:1: Beginning Domain Validation
[    5.219714] scsi target2:0:1: Domain Validation skipping write tests
[    5.221040] scsi target2:0:1: Ending Domain Validation
[    5.222183] scsi target2:0:1: asynchronous
[    5.228427] sd 2:0:0:0: Attached scsi generic sg0 type 0
[    5.244791] sd 2:0:0:0: [sda] 83886080 512-byte logical blocks: (42.9 GB/40.0 GiB)
[    5.256789] sd 2:0:1:0: [sdb] 20480 512-byte logical blocks: (10.5 MB/10.0 MiB)
[    5.298846] sd 2:0:1:0: [sdb] Write Protect is off
[    5.298920] sd 2:0:0:0: [sda] Write Protect is off
[    5.298947] sd 2:0:1:0: Attached scsi generic sg1 type 0
[    5.313674] sd 2:0:0:0: [sda] Incomplete mode parameter data
[    5.313780] sd 2:0:1:0: [sdb] Incomplete mode parameter data
[    5.313782] sd 2:0:1:0: [sdb] Assuming drive cache: write through
[    5.338514] sd 2:0:1:0: [sdb] Attached SCSI disk
[    5.347979] sd 2:0:0:0: [sda] Assuming drive cache: write through
[    5.350685]  sda: sda1
[    5.352162] sd 2:0:0:0: [sda] Attached SCSI disk
Begin: Loading e[    6.694410] md: linear personality registered for level -1
ssential drivers ... [    6.707633] md: multipath personality registered for level -4
[    6.737538] md: raid0 personality registered for level 0
[    6.742883] md: raid1 personality registered for level 1
[    6.821066] raid6: sse2x1   gen()  7589 MB/s
[    6.890156] raid6: sse2x1   xor()  7283 MB/s
[    6.964406] raid6: sse2x2   gen() 13029 MB/s
[    7.054404] raid6: sse2x2   xor()  7861 MB/s
[    7.164405] raid6: sse2x4   gen() 13726 MB/s
[    7.234394] raid6: sse2x4   xor()  8819 MB/s
[    7.304420] raid6: avx2x1   gen() 15184 MB/s
[    7.404431] raid6: avx2x2   gen() 16406 MB/s
[    7.486361] raid6: avx2x4   gen() 16036 MB/s
[    7.490894] raid6: using algorithm avx2x2 gen() 16406 MB/s
[    7.492058] raid6: using avx2x2 recovery algorithm
[    7.495018] xor: automatically using best checksumming function:
[    7.537910]    avx       : 26128.000 MB/sec
[    7.539839] async_tx: api initialized (async)
[    7.549976] md: raid6 personality registered for level 6
[    7.551277] md: raid5 personality registered for level 5
[    7.552180] md: raid4 personality registered for level 4
[    7.570663] md: raid10 personality registered for level 10
done.
Begin: Running /scripts/init-premount ... done.
Begin: Mounting root file system ... Begin: Running /scripts/local-top ... done.
Begin: Running /scripts/local-premount ... [    7.613848] Btrfs loaded
Scanning for Btrfs filesystems
done.
Warning: fsck not present, so sk[    7.648835] EXT4-fs (sda1): mounted filesystem with ordered data mode. Opts: (null)
ipping root file system
done.
Begin: Running /scripts/local-bottom ... done.
Begin: Running /scripts/init-bottom ... done.
[    7.764807] systemd[1]: systemd 229 running in system mode. (+PAM +AUDIT +SELINUX +IMA +APPARMOR +SMACK +SYSVINIT +UTMP +LIBCRYPTSETUP +GCRYPT +GNUTLS +ACL +XZ -LZ4 +SECCOMP +BLKID +ELFUTILS +KMOD -IDN)
[    7.786107] systemd[1]: Detected virtualization oracle.
[    7.787251] systemd[1]: Detected architecture x86-64.

Welcome to [1mUbuntu 16.04.7 LTS[0m!

[    7.802972] systemd[1]: Set hostname to <kubemaster1>.
[    7.926965] systemd[1]: Configuration file /lib/systemd/system/kubelet.service is marked world-inaccessible. This has no effect as configuration data is accessible via APIs without restrictions. Proceeding anyway.
[    7.947781] systemd[1]: Configuration file /etc/systemd/system/kubelet.service.d/10-kubeadm.conf is marked world-inaccessible. This has no effect as configuration data is accessible via APIs without restrictions. Proceeding anyway.
[    7.952252] systemd[1]: [/etc/systemd/system/kubelet.service.d/10-kubeadm.conf:12] Invalid environment assignment, ignoring: ”cgroup-driver=systemd/cgroup-driver=cgroupfs”
[    7.985173] systemd[1]: Listening on udev Kernel Socket.
[[0;32m  OK  [0m] Listening on udev Kernel Socket.
[    7.998336] systemd[1]: Listening on Journal Audit Socket.
[[0;32m  OK  [0m] Listening on Journal Audit Socket.
[    8.002344] systemd[1]: Listening on Journal Socket.
[[0;32m  OK  [0m] Listening on Journal Socket.
[    8.005852] systemd[1]: Created slice System Slice.
[[0;32m  OK  [0m] Created slice System Slice.
[    8.038047] systemd[1]: Mounting Huge Pages File System...
         Mounting Huge Pages File System...
[    8.048015] systemd[1]: Starting Nameserver information manager...
         Starting Nameserver information manager...
[    8.052181] systemd[1]: Reached target Swap.
[[0;32m  OK  [0m] Reached target Swap.
[    8.053898] systemd[1]: Reached target User and Group Name Lookups.
[[0;32m  OK  [0m] Reached target User and Group Name Lookups.
[    8.072586] systemd[1]: Listening on /dev/initctl Compatibility Named Pipe.
[[0;32m  OK  [0m] Listening on /dev/initctl Compatibility Named Pipe.
[    8.098722] systemd[1]: Started Trigger resolvconf update for networkd DNS.
[[0;32m  OK  [0m] Started Trigger resolvconf update for networkd DNS.
[    8.118292] systemd[1]: Starting Load Kernel Modules...
[    8.134859] Loading iSCSI transport class v2.0-870.
         Starting Load Kernel Modules...
[    8.176090] systemd[1]: Reached target System Time Synchronized.
[[0;32m  OK  [0m] Reached target System Time Synchronized.
[    8.178736] systemd[1]: Listening on LVM2 metadata daemon socket.
[[0;32m  OK  [0m] Listening on[    8.190890] iscsi: registered transport (tcp)
 LVM2 metadata daemon socket.
[    8.226008] systemd[1]: Mounting POSIX Message Queue File System...
         Mounting POSIX Message Queue File System...
[    8.236920] systemd[1]: Created slice system-serial\x2dgetty.slice.
[[0;32m  OK  [[    8.250321] iscsi: registered transport (iser)
0m] Created slice system-serial\x2dgetty.slice.
[    8.285045] systemd[1]: Listening on Syslog Socket.
[[0;32m  OK  [0m] Listening on Syslog Socket.
[    8.288691] systemd[1]: Listening on LVM2 poll daemon socket.
[[0;32m  OK  [0m] Listening on LVM2 poll daemon socket.
[    8.310143] systemd[1]: Starting Set console keymap...
         Starting Set console keymap...
[    8.312867] systemd[1]: Created slice User and Session Slice.
[[0;32m  OK  [0m] Created slice User and Session Slice.
[    8.336651] systemd[1]: Reached target Slices.
[[0;32m  OK  [0m] Reached target Slices.
[    8.346945] systemd[1]: Reached target Encrypted Volumes.
[[0;32m  OK  [0m] Reached target Encrypted Volumes.
[    8.350092] systemd[1]: Started Forward Password Requests to Wall Directory Watch.
[[0;32m  OK  [0m] Started Forward Password Requests to Wall Directory Watch.
[    8.353295] systemd[1]: Mounting Debug File System...
         Mounting Debug File System...
[    8.370093] systemd[1]: Listening on udev Control Socket.
[[0;32m  OK  [0m] Listening on udev Control Socket.
[    8.372379] systemd[1]: Listening on Journal Socket (/dev/log).
[[0;32m  OK  [0m] Listening on Journal Socket (/dev/log).
[    8.379361] systemd[1]: Starting Journal Service...
[    8.391071] random: nonblocking pool is initialized
         Starting Journal Service...
[    8.400531] systemd[1]: Listening on Device-mapper event daemon FIFOs.
[[0;32m  OK  [0m] Listening on Device-mapper event daemon FIFOs.
[    8.450534] systemd[1]: Starting Monitoring of LVM2 mirrors, snapshots etc. using dmeventd or progress polling...
         Starting Monitoring of LVM2 mirrors... dmeventd or progress polling...
[    8.607630] systemd[1]: Set up automount Arbitrary Executable File Formats File System Automount Point.
[[0;32m  OK  [0m] Set up automount Arbitrary Executab...ats File System Automount Point.
[    8.613302] systemd[1]: Listening on fsck to fsckd communication Socket.
[[0;32m  OK  [0m] Listening on fsck to fsckd communication Socket.
[    8.626127] systemd[1]: Starting File System Check on Root Device...
         Startin[    8.638717] systemd[1]: Starting Create list of required static device nodes for the current kernel...
g File System Check on Root Device...
         Starting Create list of required st... nodes for the cu[    8.643944] systemd[1]: Starting Uncomplicated firewall...
rrent kernel...
         Starting Uncomplicated firewall...
[    8.647962] systemd[1]: Mounted Huge Pages File System.
[[0;32m  OK  [[    8.649968] systemd[1]: Mounted POSIX Message Queue File System.
0m] Mounted Huge Pages File System.
[[0;32m  OK  [[    8.666127] systemd[1]: Mounted Debug File System.
0m] Mounted POSIX Message Queue File System.
[[0;32m  OK  [0m] Mounted Debu[    8.675512] systemd[1]: Started Journal Service.
g File System.
[[0;32m  OK  [0m] Started Journal Service.
[[0;32m  OK  [0m] Started Load Kernel Modules.
[[0;32m  OK  [0m] Started Set console keymap.
[[0;32m  OK  [0m] Started File System Check on Root Device.
[[0;32m  OK  [0m] Started Create list of required sta...ce nodes for the current kernel.
[[0;32m  OK  [0m] Started Uncomplicated firewall.
[[0;32m  OK  [0m] Started Nameserver information manager.
[[0;32m  OK  [0m] Started File System Check Daemon to report status.
[[0;32m  OK  [0m] Started LVM2 metadata daemon.
         Starting Create Static Device Nodes in /dev...
         Starting Remount Root and Kernel File Systems...
         Starting Apply Kernel Variables...
         Mounting FUSE Control File System...
[    8.766869] EXT4-fs (sda1): re-mounted. Opts: (null)
[[0;32m  OK  [0m] Mounted FUSE Control File System.
[[0;32m  OK  [0m] Started Remount Root and Kernel File Systems.
[[0;32m  OK  [0m] Started Create Static Device Nodes in /dev.
[[0;32m  OK  [0m] Started Apply Kernel Variables.
         Starting udev Kernel Device Manager...
         Starting Flush Journal to Persistent Storage...
         Starting udev Coldplug all Devices...
         Starting Load/Save Random Seed...
[[0;32m  OK  [0m] Started Flush Journal to Persistent Storage.
[[0;32m  OK  [0m] Started Load/Save Random Seed.
[[0;32m  OK  [0m] Started Monitoring of LVM2 mirrors,...ng dmeventd or progress polling.
[[0;32m  OK  [0m] Started udev Kernel Device Manager.
[[0;32m  OK  [0m] Reached target Local File Systems (Pre).
[[0;32m  OK  [0m] Reached target Local File Systems.
         Starting Tell Plymouth To Write Out Runtime Data...
         Starting LSB: AppArmor initialization...
         Starting LSB: ebtables ruleset management...
         Starting Initial cloud-init job (pre-networking)...
         Starting Set console font and keymap...
         Starting Create Volatile Files and Directories...
[[0;32m  OK  [0m] Started udev Coldplug all Devices.
[[0;32m  OK  [0m] Started Tell Plymouth To Write Out Runtime Data.
[[0;32m  OK  [0m] Started Create Volatile Files and Directories.
[[0;32m  OK  [0m] Found device /dev/ttyS0.
[[0;32m  OK  [0m] Started LSB: ebtables ruleset management.
[[0;32m  OK  [0m] Started LSB: AppArmor initialization.
[[0;32m  OK  [0m] Listening on Load/Save RF Kill Switch Status /dev/rfkill Watch.
         Starting Load AppArmor profiles managed internally by snapd...
         Starting Update UTMP about System Boot/Shutdown...
[[0;32m  OK  [0m] Started Dispatch Password Requests to Console Directory Watch.
[[0;32m  OK  [0m] Started Set console font and keymap.
[[0;32m  OK  [0m] Started Load AppArmor profiles managed internally by snapd.
[[0;32m  OK  [0m] Started Update UTMP about System Boot/Shutdown.
[[0;32m  OK  [0m] Found device 82540EM Gigabit Ethern...r (PRO/1000 MT Desktop Adapter).
[[0;32m  OK  [0m] Found device 82540EM Gigabit Ethern...r (PRO/1000 MT Desktop Adapter).
[[0;32m  OK  [0m] Found device 82540EM Gigabit Ethern...r (PRO/1000 MT Desktop Adapter).
[[0;32m  OK  [0m] Created slice system-getty.slice.
[    9.223569] cloud-init[517]: Cloud-init v. 21.1-19-gbad84ad4-0ubuntu1~16.04.2 running 'init-local' at Thu, 21 Apr 2022 13:11:11 +0000. Up 8.90 seconds.
[[0;32m  OK  [0m] Started Initial cloud-init job (pre-networking).
[[0;32m  OK  [0m] Reached target Network (Pre).
[[0;32m  OK  [0m] Started ifup for enp0s3.
         Starting Raise network interfaces...
[[0;32m  OK  [0m] Started ifup for enp0s8.
[[0;32m  OK  [0m] Started ifup for enp0s9.
[[0;32m  OK  [0m] Started Raise network interfaces.
         Starting Initial cloud-init job (metadata service crawler)...
[[0;32m  OK  [0m] Reached target Network.
[   10.071724] cloud-init[1191]: Cloud-init v. 21.1-19-gbad84ad4-0ubuntu1~16.04.2 running 'init' at Thu, 21 Apr 2022 13:11:12 +0000. Up 9.82 seconds.
[   10.076198] cloud-init[1191]: ci-info: ++++++++++++++++++++++++++++++++++++++Net device info+++++++++++++++++++++++++++++++++++++++
[   10.086045] cloud-init[1191]: ci-info: +--------+------+-----------------------------+---------------+--------+-------------------+
[   10.110484] cloud-init[1191]: ci-info: | Device |  Up  |           Address           |      Mask     | Scope  |     Hw-Address    |
[   10.140411] cloud-init[1191]: ci-info: +--------+------+-----------------------------+---------------+--------+-------------------+
[[0;32m  OK  [0m] Started Initial cloud-init job (metadata service crawler).
[   10.159360] cloud-init[1191]: ci-info: | enp0s3 | True |          10.0.2.15          | 255.255.255.0 | global | 02:be:82:6b:cc:1d |
[   10.168490] cloud-init[1191]: ci-info: | enp0s3 | True |  fe80::be:82ff:fe6b:cc1d/64 |       .       |  link  | 02:be:82:6b:cc:1d |
[   10.168842] cloud-init[1191]: ci-info: | enp0s8 | True |        192.168.33.40        | 255.255.255.0 | global | 08:00:27:b3:7a:84 |
[   10.169037] cloud-init[1191]: ci-info: | enp0s8 | True | fe80::a00:27ff:feb3:7a84/64 |       .       |  link  | 08:00:27:b3:7a:84 |
[   10.169090] cloud-init[1191]: ci-info: | enp0s9 | True |        192.168.1.150        | 255.255.255.0 | global | 08:00:27:37:5a:9a |
[   10.169139] cloud-init[1191]: ci-info: | enp0s9 | True | fe80::a00:27ff:fe37:5a9a/64 |       .       |  link  | 08:00:27:37:5a:9a |
[   10.169207] cloud-init[1191]: ci-info: |   lo   | True |          127.0.0.1          |   255.0.0.0   |  host  |         .         |
[   10.169261] cloud-init[1191]: ci-info: |   lo   | True |           ::1/128           |       .       |  host  |         .         |
[   10.169311] cloud-init[1191]: ci-info: +--------+------+-----------------------------+---------------+--------+-------------------+
[   10.169361] cloud-init[1191]: ci-info: ++++++++++++++++++++++++++++Route IPv4 info++++++++++++++++++++++++++++
[   10.169411] cloud-init[1191]: ci-info: +-------+--------------+----------+---------------+-----------+-------+
[   10.169460] cloud-init[1191]: ci-info: | Route | Destination  | Gateway  |    Genmask    | Interface | Flags |
[   10.169510] cloud-init[1191]: ci-info: +-------+--------------+----------+---------------+-----------+-------+
[   10.169559] cloud-init[1191]: ci-info: |   0   |   0.0.0.0    | 10.0.2.2 |    0.0.0.0    |   enp0s3  |   UG  |
[   10.169609] cloud-init[1191]: ci-info: |   1   |   10.0.2.0   | 0.0.0.0  | 255.255.255.0 |   enp0s3  |   U   |
[   10.169660] cloud-init[1191]: ci-info: |   2   | 192.168.1.0  | 0.0.0.0  | 255.255.255.0 |   enp0s9  |   U   |
[   10.169730] cloud-init[1191]: ci-info: |   3   | 192.168.33.0 | 0.0.0.0  | 255.255.255.0 |   enp0s8  |   U   |
[   10.169785] cloud-init[1191]: ci-info: +-------+--------------+----------+---------------+-----------+-------+
[   10.169833] cloud-init[1191]: ci-info: +++++++++++++++++++Route IPv6 info+++++++++++++++++++
[   10.169884] cloud-init[1191]: ci-info: +-------+-------------+---------+-----------+-------+
[   10.169932] cloud-init[1191]: ci-info: | Route | Destination | Gateway | Interface | Flags |
[   10.169979] cloud-init[1191]: ci-info: +-------+-------------+---------+-----------+-------+
[   10.170027] cloud-init[1191]: ci-info: |   0   |  fe80::/64  |    ::   |   enp0s8  |   U   |
[   10.170075] cloud-init[1191]: ci-info: |   1   |  fe80::/64  |    ::   |   enp0s9  |   U   |
[   10.170125] cloud-init[1191]: ci-info: |   2   |  fe80::/64  |    ::   |   enp0s3  |   U   |
[   10.170176] cloud-init[1191]: ci-info: |   5   |   ff00::/8  |    ::   |   enp0s8  |   U   |
[   10.170225] cloud-init[1191]: ci-info: |   6   |   ff00::/8  |    ::   |   enp0s9  |   U   |
[   10.170273] cloud-init[1191]: ci-info: |   7   |   ff00::/8  |    ::   |   enp0s3  |   U   |
[   10.170321] cloud-init[1191]: ci-info: +-------+-------------+---------+-----------+-------+
[[0;32m  OK  [0m] Reached target Cloud-config availability.
[[0;32m  OK  [0m] Reached target System Initialization.
[[0;32m  OK  [0m] Started Daily apt download activities.
[[0;32m  OK  [0m] Started ACPI Events Check.
[[0;32m  OK  [0m] Started Daily apt upgrade and clean activities.
[[0;32m  OK  [0m] Listening on D-Bus System Message Bus Socket.
[[0;32m  OK  [0m] Started Daily Cleanup of Temporary Directories.
[[0;32m  OK  [0m] Listening on UUID daemon activation socket.
[[0;32m  OK  [0m] Listening on ACPID Listen Socket.
         Starting LXD - unix socket.
[[0;32m  OK  [0m] Started Message of the Day.
[[0;32m  OK  [0m] Started Ubuntu Advantage Timer for running repeated jobs.
[[0;32m  OK  [0m] Reached target Timers.
         Starting Docker Socket for the API.
         Starting Socket activation for snappy daemon.
[[0;32m  OK  [0m] Started Trigger to poll for Ubuntu ...nly enabled on GCP LTS non-pro).
[[0;32m  OK  [0m] Reached target Paths.
[[0;32m  OK  [0m] Reached target Network is Online.
         Starting iSCSI initiator daemon (iscsid)...
[[0;32m  OK  [0m] Listening on LXD - unix socket.
[[0;32m  OK  [0m] Listening on Docker Socket for the API.
[[0;32m  OK  [0m] Listening on Socket activation for snappy daemon.
[[0;32m  OK  [0m] Reached target Sockets.
[[0;32m  OK  [0m] Reached target Basic System.
[[0;32m  OK  [0m] Started Regular background program processing daemon.
[[0;32m  OK  [0m] Started FUSE filesystem for LXC.
         Starting Accounts Service...
         Starting /etc/rc.local Compatibility...
[[0;32m  OK  [0m] Started ACPI event daemon.
[[0;32m  OK  [0m] Started D-Bus System Message Bus.
         Starting System Logging Service...
[[0;32m  OK  [0m] Started kubelet: The Kubernetes Node Agent.
         Starting Login Service...
         Starting Virtualbox guest utils...
         Starting LSB: MD monitoring daemon...
         Starting Snap Daemon...
         Starting OpenBSD Secure Shell server...
[[0;32m  OK  [0m] Started Deferred execution scheduler.
         Starting LXD - container startup/shutdown...
         Starting LSB: Record successful boot for GRUB...
         Starting containerd container runtime...
[[0;32m  OK  [0m] Started System Logging Service.
[[0;32m  OK  [0m] Started iSCSI initiator daemon (iscsid).
[[0;32m  OK  [0m] Started /etc/rc.local Compatibility.
[[0;32m  OK  [0m] Started OpenBSD Secure Shell server.
         Starting Authenticate and Authorize Users to Run Privileged Tasks...
         Starting Login to default iSCSI targets...
[[0;32m  OK  [0m] Started LSB: MD monitoring daemon.
[[0;32m  OK  [0m] Started LSB: Record successful boot for GRUB.
[[0;32m  OK  [0m] Started Login Service.
[[0;32m  OK  [0m] Started Authenticate and Authorize Users to Run Privileged Tasks.
[[0;32m  OK  [0m] Started Accounts Service.
[[0;32m  OK  [0m] Started Unattended Upgrades Shutdown.
[[0;32m  OK  [0m] Started Virtualbox guest utils.
[[0;32m  OK  [0m] Started Login to default iSCSI targets.
[[0;32m  OK  [0m] Started LXD - container startup/shutdown.
[[0;32m  OK  [0m] Reached target Remote File Systems (Pre).
[[0;32m  OK  [0m] Reached target Remote File Systems.
         Starting LSB: daemon to balance interrupts for SMP systems...
         Starting LSB: automatic crash report generation...
         Starting Permit User Sessions...
         Starting LSB: Set the CPU Frequency Scaling governor to "ondemand"...
[[0;32m  OK  [0m] Started Permit User Sessions.
         Starting Terminate Plymouth Boot Screen...
         Starting Hold until boot process finishes up...
[[0;32m  OK  [0m] Started Snap Daemon.
[[0;32m  OK  [0m] Started LSB: daemon to balance interrupts for SMP systems.
[[0;32m  OK  [0m] Started LSB: Set the CPU Frequency Scaling governor to "ondemand".
[[0;32m  OK  [0m] Started Terminate Plymouth Boot Screen.
[[0;32m  OK  [0m] Started Hold until boot process finishes up.
         Starting Set console scheme...
[[0;32m  OK  [0m] Started Serial Getty on ttyS0.
[[0;32m  OK  [0m] Started Getty on tty1.
[[0;32m  OK  [0m] Reached target Login Prompts.
         Starting Wait until snapd is fully seeded...
[[0;32m  OK  [0m] Started LSB: automatic crash report generation.
[[0;32m  OK  [0m] Started Set console scheme.
[[0;32m  OK  [0m] Started containerd container runtime.
[[0;32m  OK  [0m] Created slice User Slice of vagrant.
         Starting User Manager for UID 1000...
         Starting Docker Application Container Engine...
[[0;32m  OK  [0m] Started Session 1 of user vagrant.
[[0;32m  OK  [0m] Started Wait until snapd is fully seeded.
         Starting Apply the settings specified in cloud-config...
[[0;32m  OK  [0m] Started User Manager for UID 1000.
[[0;32m  OK  [0m] Started Kubernetes systemd probe.
[   12.673289] cloud-init[1481]: Cloud-init v. 21.1-19-gbad84ad4-0ubuntu1~16.04.2 running 'modules:config' at Thu, 21 Apr 2022 13:11:15 +0000. Up 12.49 seconds.
[[0;32m  OK  [0m] Started Apply the settings specified in cloud-config.
[[0;32m  OK  [0m] Started Docker Application Container Engine.
[[0;32m  OK  [0m] Reached target Multi-User System.
[[0;32m  OK  [0m] Reached target Graphical Interface.
         Starting Execute cloud user/final scripts...
         Starting Update UTMP about System Runlevel Changes...
[[0;32m  OK  [0m] Started Update UTMP about System Runlevel Changes.
         Starting Hostname Service...
[[0;32m  OK  [0m] Started Hostname Service.
[   14.090118] cloud-init[1797]: Cloud-init v. 21.1-19-gbad84ad4-0ubuntu1~16.04.2 running 'modules:final' at Thu, 21 Apr 2022 13:11:16 +0000. Up 13.93 seconds.
[   14.150850] cloud-init[1797]: Cloud-init v. 21.1-19-gbad84ad4-0ubuntu1~16.04.2 finished at Thu, 21 Apr 2022 13:11:16 +0000. Datasource DataSourceNoCloud [seed=/dev/sdb][dsmode=net].  Up 14.08 seconds
[[0;32m  OK  [0m] Started Execute cloud user/final scripts.
[[0;32m  OK  [0m] Reached target Cloud-init target.

Ubuntu 16.04.7 LTS kubemaster1 ttyS0

kubemaster1 login:                                                                                                                                                                                                                                                                                                                                                                                                                                                                                                                                                                                                                                                                                                                                                                                                                                                                                                                                                                                                                                                                                                                                                                                                                                                                                                                                                                                                                                                                                                                                                                                                                                                                                                                                                                                                                                                                                                                                                                                                                                                                                                                                                                                                                                                                                                                                                                                                                                                                                                                                                                                                                                                                                                                                                                                                                                                                                                                                                                                                                                                                                                                                                                                                                                                                                                                                                                                                                                                                                                                                                                                                                                                                                                                                                                                                                                                                                                                                                                                                                                                                                                                                                                           Stopping ACPI event daemon...
[[0;32m  OK  [0m] Stopped target Cloud-init target.
[[0;32m  OK  [0m] Closed Load/Save RF Kill Switch Status /dev/rfkill Watch.
         Stopping Session 6 of user vagrant.
[[0;32m  OK  [0m] Stopped target Graphical Interface.
         Stopping Accounts Service...
         Stopping User Manager for UID 1000...
[[0;32m  OK  [0m] Stopped target Timers.
[[0;32m  OK  [0m] Stopped Ubuntu Advantage Timer for running repeated jobs.
[[0;32m  OK  [0m] Stopped Daily apt upgrade and clean activities.
[[0;32m  OK  [0m] Stopped Message h         Stopping LSB: Record successful boot for GRUB...
         Stopping kubelet: The Kubernetes Node Agent...
         Stopping LSB: daemon to balance interrupts for SMP systems...
[[0;32m  OK  [0m] Stopped Daily Cleanup of Temporary Directories.
[[0;32m  OK  [0m] Stopped target Cloud-config availability.
[[0;32m  OK  [0m] Unmounted /var/lib/lxcfs.
[[0;32m  OK  [0m] Stopped Deferred execution scheduler.
[[0;32m  OK  [0m] Stopped ACPI event daemon.
[[0;32m  OK  [0m] Stopped Regular background program processing daemon.
[[0;32m  OK  [0m] Stopped Accounts Service.
[[0;32m  OK  [0m] Stopped System Logging Service.
[[0;32m  OK  [0m] Stopped Unattended Upgrades Shutdown.
[[0;32m  OK  [0m] Stopped Authenticate and Authorize Users to Run Privileged Tasks.
[[0;32m  OK  [0m] Stopped Serial Getty on ttyS0.
[[0;32m  OK  [0m] Stopped Getty on tty1.
[[0;32m  OK  [0m] Stopped OpenBSD Secure Shell server.
[[0;32m  OK  [0m] Stopped kubelet: The Kubernetes Node Agent.
[[0;32m  OK  [0m] Stopped User Manager for UID 1000.
[[0;32m  OK  [0m] Stopped Session 6 of user vagrant.
[[0;32m  OK  [0m] Stopped D-Bus System Message Bus.
[[0;32m  OK  [0m] Stopped FUSE filesystem for LXC.
[[0;32m  OK  [0m] Stopped LXD - container startup/shutdown.
[[0;32m  OK  [0m] Stopped LSB: MD monitoring daemon.
[[0;32m  OK  [0m] Stopped LSB: Set the CPU Frequency Scaling governor to "ondemand".
[[0;32m  OK  [0m] Stopped LSB: automatic crash report generation.
[[0;32m  OK  [0m] Stopped LSB: Record successful boot for GRUB.
[[0;32m  OK  [0m] Stopped Virtualbox guest utils.
[[0;32m  OK  [0m] Removed slice User Slice of vagrant.
[[0;32m  OK  [0m] Removed slice system-getty.slice.
[[0;32m  OK  [0m] Removed slice system-serial\x2dgetty.slice.
[[0;32m  OK  [0m] Stopped /etc/rc.local Compatibility.
         Stopping Permit User Sessions...
         Stopping Login Service...
[[0;32m  OK  [0m] Unmounted /var/lib/docker/overlay2/...0165fec85baf25a7a2d2828f/merged.
[[0;32m  OK  [0m] Unmounted /var/lib/docker/container...d3bdee90bd7927485581/mounts/shm.
[[0;32m  OK  [0m] Unmounted /var/lib/docker/container...bd9be8799627e7d4fdb2/mounts/shm.
[[0;32m  OK  [0m] Unmounted /var/lib/docker/overlay2/...ab900c037f6762346c40a08f/merged.
[[0;32m  OK  [0m] Unmounted /var/lib/docker/overlay2/...8c02db0ce26c20fdb1203306/merged.
[[0;32m  OK  [0m] Unmounted /var/lib/docker/overlay2/...d01b2e3eeed9c5d53cf0757f/merged.
[[0;32m  OK  [0m] Stopped LSB: daemon to balance interrupts for SMP systems.
[[0;32m  OK  [0m] Stopped Permit User Sessions.
[[0;32m  OK  [0m] Stopped target Remote File Systems.
[[0;32m  OK  [0m] Stopped target Remote File Systems (Pre).
         Stopping Login to default iSCSI targets...
[[0;32m  OK  [0m] Stopped Docker Application Container Engine.
[[0;32m  OK  [0m] Stopped Login Service.
[[0;32m  OK  [0m] Stopped target User and Group Name Lookups.
         Stopping containerd container runtime...
[[0;32m  OK  [0m] Stopped containerd container runtime.
[[0;32m  OK  [0m] Stopped target Basic System.
[[0;32m  OK  [0m] Stopped target Sockets.
[[0;32m  OK  [0m] Closed LXD - unix socket.
[[0;32m  OK  [0m] Closed Docker Socket for the API.
[[0;32m  OK  [0m] Closed Syslog Socket.
[[0;32m  OK  [0m] Closed UUID daemon activation socket.
[[0;32m  OK  [0m] Closed D-Bus System Message Bus Socket.
[[0;32m  OK  [0m] Closed Socket activation for snappy daemon.
[[0;32m  OK  [0m] Closed ACPID Listen Socket.
[[0;32m  OK  [0m] Stopped target Slices.
[[0;32m  OK  [0m] Removed slice User and Session Slice.
[[0;32m  OK  [0m] Stopped target Paths.
[[0;32m  OK  [0m] Stopped ACPI Events Check.
[[0;32m  OK  [0m] Stopped Trigger to poll for Ubuntu ...nly enabled on GCP LTS non-pro).
[[0;32m  OK  [0m] Stopped target System Initialization.
         Stopping Load/Save Random Seed...
[[0;32m  OK  [0m] Stopped target Swap.
         Stopping LSB: ebtables ruleset management...
[[0;32m  OK  [0m] Stopped target Encrypted Volumes.
         Stopping Update UTMP about System Boot/Shutdown...
[[0;32m  OK  [0m] Stopped Commit a transient machine-id on disk.
[[0;32m  OK  [0m] Stopped Forward Password Requests to Wall Directory Watch.
[[0;32m  OK  [0m] Stopped Dispatch Password Requests to Console Directory Watch.
[[0;32m  OK  [0m] Stopped Load/Save Random Seed.
[[0;32m  OK  [0m] Stopped Update UTMP about System Boot/Shutdown.
[[0;32m  OK  [0m] Stopped Create Volatile Files and Directories.
[[0;32m  OK  [0m] Stopped Login to default iSCSI targets.
         Stopping iSCSI initiator daemon (iscsid)...
[[0;32m  OK  [0m] Stopped iSCSI initiator daemon (iscsid).
[[0;32m  OK  [0m] Stopped target Network is Online.
[[0;32m  OK  [0m] Stopped target Network.
[[0;32m  OK  [0m] Stopped Initial cloud-init job (metadata service crawler).
         Stopping Raise network interfaces...
[[0;32m  OK  [0m] Stopped LSB: ebtables ruleset management.
[[0;32m  OK  [0m] Stopped Raise network interfaces.
[[0;32m  OK  [0m] Stopped target Network (Pre).
[[0;32m  OK  [0m] Stopped Initial cloud-init job (pre-networking).
[[0;32m  OK  [0m] Stopped target Local File Systems.
         Unmounting /var/lib/kubelet/pods/d8...ojected/kube-api-access-xr4gd...
         Unmounting /run/user/1000...
         Unmounting /var/lib/kubelet/pods/2a...ojected/kube-api-access-cdtlz...
         Unmounting /vagrant...
         Unmounting /run/docker/netns/default...
         Unmounting /sys/fs/bpf...
[[0;32m  OK  [0m] Stopped Apply Kernel Variables.
[[0;32m  OK  [0m] Stopped Load Kernel Modules.
[[0;32m  OK  [0m] Unmounted /var/lib/kubelet/pods/d8b...projected/kube-api-access-xr4gd.
[[0;32m  OK  [0m] Unmounted /run/user/1000.
[[0;32m  OK  [0m] Unmounted /var/lib/kubelet/pods/2a7...projected/kube-api-access-cdtlz.
[[0;32m  OK  [0m] Unmounted /vagrant.
[[0;32m  OK  [0m] Unmounted /run/docker/netns/default.
[[0;32m  OK  [0m] Unmounted /sys/fs/bpf.
[[0;32m  OK  [0m] Reached target Unmount All Filesystems.
[[0;32m  OK  [0m] Stopped target Local File Systems (Pre).
         Stopping Monitoring of LVM2 mirrors... dmeventd or progress polling...
[[0;32m  OK  [0m] Stopped Remount Root and Kernel File Systems.
[[0;32m  OK  [0m] Stopped Create Static Device Nodes in /dev.
[[0;32m  OK  [0m] Reached target Shutdown.
[ 1604314064] reboot: Power down
